{"contracts/Administratable.sol":{"l":{"23":30,"24":22,"31":34,"39":11,"42":11,"50":3,"53":3},"path":"/Users/james/Source/tokensoft/suku_token/contracts/Administratable.sol","s":{"1":30,"2":34,"3":11,"4":11,"5":3,"6":3},"b":{"1":[22,8]},"f":{"1":30,"2":34,"3":11,"4":3},"fnMap":{"1":{"name":"onlyAdministrator","line":22,"loc":{"start":{"line":22,"column":4},"end":{"line":22,"column":30}}},"2":{"name":"isAdministrator","line":30,"loc":{"start":{"line":30,"column":4},"end":{"line":30,"column":76}}},"3":{"name":"addAdmin","line":37,"loc":{"start":{"line":37,"column":4},"end":{"line":37,"column":56}}},"4":{"name":"removeAdmin","line":48,"loc":{"start":{"line":48,"column":4},"end":{"line":48,"column":62}}}},"statementMap":{"1":{"start":{"line":23,"column":8},"end":{"line":23,"column":87}},"2":{"start":{"line":31,"column":8},"end":{"line":31,"column":44}},"3":{"start":{"line":39,"column":8},"end":{"line":39,"column":40}},"4":{"start":{"line":42,"column":8},"end":{"line":42,"column":47}},"5":{"start":{"line":50,"column":8},"end":{"line":50,"column":44}},"6":{"start":{"line":53,"column":8},"end":{"line":53,"column":52}}},"branchMap":{"1":{"line":23,"type":"if","locations":[{"start":{"line":23,"column":8},"end":{"line":23,"column":8}},{"start":{"line":23,"column":8},"end":{"line":23,"column":8}}]}}},"contracts/ERC1404.sol":{"l":{},"path":"/Users/james/Source/tokensoft/suku_token/contracts/ERC1404.sol","s":{},"b":{},"f":{},"fnMap":{},"statementMap":{},"branchMap":{}},"contracts/Restrictable.sol":{"l":{"20":24,"28":5,"31":5},"path":"/Users/james/Source/tokensoft/suku_token/contracts/Restrictable.sol","s":{"1":24,"2":5,"3":5},"b":{},"f":{"1":24,"2":5},"fnMap":{"1":{"name":"isRestrictionEnabled","line":19,"loc":{"start":{"line":19,"column":4},"end":{"line":19,"column":60}}},"2":{"name":"setRestrictionEnabled","line":26,"loc":{"start":{"line":26,"column":4},"end":{"line":26,"column":63}}}},"statementMap":{"1":{"start":{"line":20,"column":8},"end":{"line":20,"column":35}},"2":{"start":{"line":28,"column":8},"end":{"line":28,"column":37}},"3":{"start":{"line":31,"column":8},"end":{"line":31,"column":59}}},"branchMap":{}},"contracts/SukuToken.sol":{"l":{"34":2,"48":21,"49":1,"54":20,"55":17,"59":3,"72":22,"73":4,"74":4,"77":18,"78":17,"79":17,"82":1,"89":14,"90":14,"91":2,"102":1,"113":1},"path":"/Users/james/Source/tokensoft/suku_token/contracts/SukuToken.sol","s":{"1":2,"2":21,"3":1,"4":20,"5":17,"6":3,"7":22,"8":4,"9":4,"10":18,"11":17,"12":17,"13":1,"14":14,"15":14,"16":1,"17":1},"b":{"1":[1,20],"2":[17,3],"3":[4,18],"4":[17,1],"5":[2,12]},"f":{"1":2,"2":21,"3":22,"4":14,"5":1,"6":1},"fnMap":{"1":{"name":null,"line":31,"loc":{"start":{"line":31,"column":4},"end":{"line":33,"column":5}}},"2":{"name":"detectTransferRestriction","line":41,"loc":{"start":{"line":41,"column":4},"end":{"line":45,"column":5}}},"3":{"name":"messageForTransferRestriction","line":67,"loc":{"start":{"line":67,"column":4},"end":{"line":71,"column":5}}},"4":{"name":"notRestricted","line":88,"loc":{"start":{"line":88,"column":4},"end":{"line":88,"column":66}}},"5":{"name":"transfer","line":97,"loc":{"start":{"line":97,"column":4},"end":{"line":101,"column":5}}},"6":{"name":"transferFrom","line":108,"loc":{"start":{"line":108,"column":4},"end":{"line":112,"column":5}}}},"statementMap":{"1":{"start":{"line":34,"column":8},"end":{"line":34,"column":38}},"2":{"start":{"line":48,"column":8},"end":{"line":48,"column":1727}},"3":{"start":{"line":49,"column":12},"end":{"line":49,"column":31}},"4":{"start":{"line":54,"column":8},"end":{"line":54,"column":1963}},"5":{"start":{"line":55,"column":12},"end":{"line":55,"column":40}},"6":{"start":{"line":59,"column":8},"end":{"line":59,"column":27}},"7":{"start":{"line":72,"column":8},"end":{"line":72,"column":2516}},"8":{"start":{"line":73,"column":12},"end":{"line":73,"column":50}},"9":{"start":{"line":74,"column":12},"end":{"line":74,"column":26}},"10":{"start":{"line":77,"column":8},"end":{"line":77,"column":2655}},"11":{"start":{"line":78,"column":12},"end":{"line":78,"column":64}},"12":{"start":{"line":79,"column":12},"end":{"line":79,"column":26}},"13":{"start":{"line":82,"column":8},"end":{"line":82,"column":28}},"14":{"start":{"line":89,"column":8},"end":{"line":89,"column":73}},"15":{"start":{"line":90,"column":8},"end":{"line":90,"column":95}},"16":{"start":{"line":102,"column":8},"end":{"line":102,"column":42}},"17":{"start":{"line":113,"column":8},"end":{"line":113,"column":52}}},"branchMap":{"1":{"line":48,"type":"if","locations":[{"start":{"line":48,"column":8},"end":{"line":48,"column":8}},{"start":{"line":48,"column":8},"end":{"line":48,"column":8}}]},"2":{"line":54,"type":"if","locations":[{"start":{"line":54,"column":8},"end":{"line":54,"column":8}},{"start":{"line":54,"column":8},"end":{"line":54,"column":8}}]},"3":{"line":72,"type":"if","locations":[{"start":{"line":72,"column":8},"end":{"line":72,"column":8}},{"start":{"line":72,"column":8},"end":{"line":72,"column":8}}]},"4":{"line":77,"type":"if","locations":[{"start":{"line":77,"column":8},"end":{"line":77,"column":8}},{"start":{"line":77,"column":8},"end":{"line":77,"column":8}}]},"5":{"line":90,"type":"if","locations":[{"start":{"line":90,"column":8},"end":{"line":90,"column":8}},{"start":{"line":90,"column":8},"end":{"line":90,"column":8}}]}}},"contracts/Whitelistable.sol":{"l":{"30":15,"33":15,"35":4,"39":15,"42":15,"50":7,"53":7,"56":7,"64":27,"65":27,"68":27,"69":21,"73":6},"path":"/Users/james/Source/tokensoft/suku_token/contracts/Whitelistable.sol","s":{"1":15,"2":15,"3":4,"4":15,"5":15,"6":7,"7":7,"8":7,"9":27,"10":27,"11":27,"12":21,"13":6},"b":{"1":[4,11],"2":[21,6]},"f":{"1":15,"2":7,"3":27},"fnMap":{"1":{"name":"addToWhitelist","line":28,"loc":{"start":{"line":28,"column":4},"end":{"line":28,"column":89}}},"2":{"name":"removeFromWhitelist","line":48,"loc":{"start":{"line":48,"column":4},"end":{"line":48,"column":80}}},"3":{"name":"checkSameWhitelist","line":62,"loc":{"start":{"line":62,"column":4},"end":{"line":62,"column":90}}}},"statementMap":{"1":{"start":{"line":30,"column":8},"end":{"line":30,"column":64}},"2":{"start":{"line":33,"column":8},"end":{"line":33,"column":1510}},"3":{"start":{"line":35,"column":12},"end":{"line":35,"column":89}},"4":{"start":{"line":39,"column":8},"end":{"line":39,"column":50}},"5":{"start":{"line":42,"column":8},"end":{"line":42,"column":73}},"6":{"start":{"line":50,"column":8},"end":{"line":50,"column":67}},"7":{"start":{"line":53,"column":8},"end":{"line":53,"column":56}},"8":{"start":{"line":56,"column":8},"end":{"line":56,"column":88}},"9":{"start":{"line":64,"column":8},"end":{"line":64,"column":56}},"10":{"start":{"line":65,"column":8},"end":{"line":65,"column":60}},"11":{"start":{"line":68,"column":8},"end":{"line":68,"column":2908}},"12":{"start":{"line":69,"column":12},"end":{"line":69,"column":24}},"13":{"start":{"line":73,"column":8},"end":{"line":73,"column":51}}},"branchMap":{"1":{"line":33,"type":"if","locations":[{"start":{"line":33,"column":8},"end":{"line":33,"column":8}},{"start":{"line":33,"column":8},"end":{"line":33,"column":8}}]},"2":{"line":68,"type":"if","locations":[{"start":{"line":68,"column":8},"end":{"line":68,"column":8}},{"start":{"line":68,"column":8},"end":{"line":68,"column":8}}]}}}}