{"contracts/Administratable.sol":{"l":{"23":43,"24":37,"31":47,"39":19,"42":17,"45":17,"53":6,"56":4,"59":4},"path":"/Users/james/Source/tokensoft/suku_token/contracts/Administratable.sol","s":{"1":43,"2":47,"3":19,"4":17,"5":17,"6":6,"7":4,"8":4},"b":{"1":[37,6],"2":[17,2],"3":[4,2]},"f":{"1":43,"2":47,"3":19,"4":6},"fnMap":{"1":{"name":"onlyAdministrator","line":22,"loc":{"start":{"line":22,"column":4},"end":{"line":22,"column":30}}},"2":{"name":"isAdministrator","line":30,"loc":{"start":{"line":30,"column":4},"end":{"line":30,"column":76}}},"3":{"name":"addAdmin","line":37,"loc":{"start":{"line":37,"column":4},"end":{"line":37,"column":56}}},"4":{"name":"removeAdmin","line":51,"loc":{"start":{"line":51,"column":4},"end":{"line":51,"column":62}}}},"statementMap":{"1":{"start":{"line":23,"column":8},"end":{"line":23,"column":87}},"2":{"start":{"line":31,"column":8},"end":{"line":31,"column":44}},"3":{"start":{"line":39,"column":8},"end":{"line":39,"column":108}},"4":{"start":{"line":42,"column":8},"end":{"line":42,"column":40}},"5":{"start":{"line":45,"column":8},"end":{"line":45,"column":47}},"6":{"start":{"line":53,"column":8},"end":{"line":53,"column":118}},"7":{"start":{"line":56,"column":8},"end":{"line":56,"column":44}},"8":{"start":{"line":59,"column":8},"end":{"line":59,"column":52}}},"branchMap":{"1":{"line":23,"type":"if","locations":[{"start":{"line":23,"column":8},"end":{"line":23,"column":8}},{"start":{"line":23,"column":8},"end":{"line":23,"column":8}}]},"2":{"line":39,"type":"if","locations":[{"start":{"line":39,"column":8},"end":{"line":39,"column":8}},{"start":{"line":39,"column":8},"end":{"line":39,"column":8}}]},"3":{"line":53,"type":"if","locations":[{"start":{"line":53,"column":8},"end":{"line":53,"column":8}},{"start":{"line":53,"column":8},"end":{"line":53,"column":8}}]}}},"contracts/ERC1404.sol":{"l":{},"path":"/Users/james/Source/tokensoft/suku_token/contracts/ERC1404.sol","s":{},"b":{},"f":{},"fnMap":{},"statementMap":{},"branchMap":{}},"contracts/Restrictable.sol":{"l":{"21":36,"29":6,"32":4,"35":4},"path":"/Users/james/Source/tokensoft/suku_token/contracts/Restrictable.sol","s":{"1":36,"2":6,"3":4,"4":4},"b":{"1":[4,2]},"f":{"1":36,"2":6},"fnMap":{"1":{"name":"isRestrictionEnabled","line":20,"loc":{"start":{"line":20,"column":4},"end":{"line":20,"column":60}}},"2":{"name":"disableRestrictions","line":28,"loc":{"start":{"line":28,"column":4},"end":{"line":28,"column":49}}}},"statementMap":{"1":{"start":{"line":21,"column":8},"end":{"line":21,"column":35}},"2":{"start":{"line":29,"column":8},"end":{"line":29,"column":74}},"3":{"start":{"line":32,"column":8},"end":{"line":32,"column":35}},"4":{"start":{"line":35,"column":8},"end":{"line":35,"column":45}}},"branchMap":{"1":{"line":29,"type":"if","locations":[{"start":{"line":29,"column":8},"end":{"line":29,"column":8}},{"start":{"line":29,"column":8},"end":{"line":29,"column":8}}]}}},"contracts/SukuToken.sol":{"l":{"34":33,"48":34,"49":1,"53":33,"54":4,"59":29,"60":24,"64":5,"77":35,"78":10,"81":25,"82":24,"86":1,"93":22,"94":22,"95":6,"106":5,"117":1},"path":"/Users/james/Source/tokensoft/suku_token/contracts/SukuToken.sol","s":{"1":33,"2":34,"3":1,"4":33,"5":4,"6":29,"7":24,"8":5,"9":35,"10":10,"11":25,"12":24,"13":1,"14":22,"15":22,"16":5,"17":1},"b":{"1":[1,33],"2":[4,29],"3":[24,5],"4":[10,25],"5":[24,1],"6":[6,16]},"f":{"1":33,"2":34,"3":35,"4":22,"5":5,"6":1},"fnMap":{"1":{"name":null,"line":31,"loc":{"start":{"line":31,"column":4},"end":{"line":33,"column":5}}},"2":{"name":"detectTransferRestriction","line":41,"loc":{"start":{"line":41,"column":4},"end":{"line":45,"column":5}}},"3":{"name":"messageForTransferRestriction","line":72,"loc":{"start":{"line":72,"column":4},"end":{"line":76,"column":5}}},"4":{"name":"notRestricted","line":92,"loc":{"start":{"line":92,"column":4},"end":{"line":92,"column":66}}},"5":{"name":"transfer","line":101,"loc":{"start":{"line":101,"column":4},"end":{"line":105,"column":5}}},"6":{"name":"transferFrom","line":112,"loc":{"start":{"line":112,"column":4},"end":{"line":116,"column":5}}}},"statementMap":{"1":{"start":{"line":34,"column":8},"end":{"line":34,"column":38}},"2":{"start":{"line":48,"column":8},"end":{"line":48,"column":1725}},"3":{"start":{"line":49,"column":12},"end":{"line":49,"column":31}},"4":{"start":{"line":53,"column":8},"end":{"line":53,"column":1891}},"5":{"start":{"line":54,"column":12},"end":{"line":54,"column":31}},"6":{"start":{"line":59,"column":8},"end":{"line":59,"column":2109}},"7":{"start":{"line":60,"column":12},"end":{"line":60,"column":40}},"8":{"start":{"line":64,"column":8},"end":{"line":64,"column":27}},"9":{"start":{"line":77,"column":8},"end":{"line":77,"column":2665}},"10":{"start":{"line":78,"column":12},"end":{"line":78,"column":34}},"11":{"start":{"line":81,"column":8},"end":{"line":81,"column":2759}},"12":{"start":{"line":82,"column":12},"end":{"line":82,"column":48}},"13":{"start":{"line":86,"column":8},"end":{"line":86,"column":28}},"14":{"start":{"line":93,"column":8},"end":{"line":93,"column":73}},"15":{"start":{"line":94,"column":8},"end":{"line":94,"column":95}},"16":{"start":{"line":106,"column":8},"end":{"line":106,"column":42}},"17":{"start":{"line":117,"column":8},"end":{"line":117,"column":52}}},"branchMap":{"1":{"line":48,"type":"if","locations":[{"start":{"line":48,"column":8},"end":{"line":48,"column":8}},{"start":{"line":48,"column":8},"end":{"line":48,"column":8}}]},"2":{"line":53,"type":"if","locations":[{"start":{"line":53,"column":8},"end":{"line":53,"column":8}},{"start":{"line":53,"column":8},"end":{"line":53,"column":8}}]},"3":{"line":59,"type":"if","locations":[{"start":{"line":59,"column":8},"end":{"line":59,"column":8}},{"start":{"line":59,"column":8},"end":{"line":59,"column":8}}]},"4":{"line":77,"type":"if","locations":[{"start":{"line":77,"column":8},"end":{"line":77,"column":8}},{"start":{"line":77,"column":8},"end":{"line":77,"column":8}}]},"5":{"line":81,"type":"if","locations":[{"start":{"line":81,"column":8},"end":{"line":81,"column":8}},{"start":{"line":81,"column":8},"end":{"line":81,"column":8}}]},"6":{"line":94,"type":"if","locations":[{"start":{"line":94,"column":8},"end":{"line":94,"column":8}},{"start":{"line":94,"column":8},"end":{"line":94,"column":8}}]}}},"contracts/WhiteListable.sol":{"l":{"35":18,"38":16,"41":16,"44":16,"46":5,"50":16,"58":7,"61":7,"64":7,"73":12,"76":12,"79":12,"88":36,"89":36,"92":36,"93":21,"97":15},"path":"/Users/james/Source/tokensoft/suku_token/contracts/WhiteListable.sol","s":{"1":18,"2":16,"3":16,"4":16,"5":5,"6":16,"7":7,"8":7,"9":7,"10":12,"11":12,"12":12,"13":36,"14":36,"15":36,"16":21,"17":15},"b":{"1":[16,2],"2":[5,11],"3":[21,15]},"f":{"1":18,"2":7,"3":12,"4":36},"fnMap":{"1":{"name":"addToWhitelist","line":33,"loc":{"start":{"line":33,"column":4},"end":{"line":33,"column":89}}},"2":{"name":"removeFromWhitelist","line":56,"loc":{"start":{"line":56,"column":4},"end":{"line":56,"column":80}}},"3":{"name":"updateOutboundWhitelistEnabled","line":71,"loc":{"start":{"line":71,"column":4},"end":{"line":71,"column":139}}},"4":{"name":"checkWhitelistAllowed","line":86,"loc":{"start":{"line":86,"column":4},"end":{"line":86,"column":93}}}},"statementMap":{"1":{"start":{"line":35,"column":8},"end":{"line":35,"column":74}},"2":{"start":{"line":38,"column":8},"end":{"line":38,"column":64}},"3":{"start":{"line":41,"column":8},"end":{"line":41,"column":50}},"4":{"start":{"line":44,"column":8},"end":{"line":44,"column":2186}},"5":{"start":{"line":46,"column":12},"end":{"line":46,"column":89}},"6":{"start":{"line":50,"column":8},"end":{"line":50,"column":73}},"7":{"start":{"line":58,"column":8},"end":{"line":58,"column":67}},"8":{"start":{"line":61,"column":8},"end":{"line":61,"column":56}},"9":{"start":{"line":64,"column":8},"end":{"line":64,"column":88}},"10":{"start":{"line":73,"column":8},"end":{"line":73,"column":94}},"11":{"start":{"line":76,"column":8},"end":{"line":76,"column":89}},"12":{"start":{"line":79,"column":8},"end":{"line":79,"column":122}},"13":{"start":{"line":88,"column":8},"end":{"line":88,"column":56}},"14":{"start":{"line":89,"column":8},"end":{"line":89,"column":60}},"15":{"start":{"line":92,"column":8},"end":{"line":92,"column":4324}},"16":{"start":{"line":93,"column":12},"end":{"line":93,"column":24}},"17":{"start":{"line":97,"column":8},"end":{"line":97,"column":76}}},"branchMap":{"1":{"line":35,"type":"if","locations":[{"start":{"line":35,"column":8},"end":{"line":35,"column":8}},{"start":{"line":35,"column":8},"end":{"line":35,"column":8}}]},"2":{"line":44,"type":"if","locations":[{"start":{"line":44,"column":8},"end":{"line":44,"column":8}},{"start":{"line":44,"column":8},"end":{"line":44,"column":8}}]},"3":{"line":92,"type":"if","locations":[{"start":{"line":92,"column":8},"end":{"line":92,"column":8}},{"start":{"line":92,"column":8},"end":{"line":92,"column":8}}]}}}}